INFO 2024-02-15 21:04:45,693 Была запущена функция: helloworld
INFO 2024-02-15 21:04:46,483 Была запущена функция: helloworld
INFO 2024-02-15 21:04:46,846 Была запущена функция: helloworld
INFO 2024-02-15 21:04:47,124 Была запущена функция: helloworld
INFO 2024-02-15 21:04:48,086 Была запущена функция: helloworld
INFO 2024-02-15 21:04:49,005 Была запущена функция: helloworld
INFO 2024-02-15 21:04:49,404 Была запущена функция: helloworld
INFO 2024-02-15 21:04:49,792 Была запущена функция: helloworld
INFO 2024-02-15 21:04:50,283 Была запущена функция: helloworld
INFO 2024-02-15 21:04:54,803 Была запущена функция: rand
INFO 2024-02-15 21:05:01,830 Была запущена функция: dice
INFO 2024-02-15 21:05:04,923 Была запущена функция: dice
INFO 2024-02-15 21:05:05,414 Была запущена функция: dice
INFO 2024-02-15 21:05:05,670 Была запущена функция: dice
INFO 2024-02-15 21:05:05,947 Была запущена функция: dice
INFO 2024-02-15 21:05:06,245 Была запущена функция: dice
INFO 2024-02-15 21:05:06,542 Была запущена функция: dice
INFO 2024-02-15 21:05:06,884 Была запущена функция: dice
INFO 2024-02-15 21:05:07,210 Была запущена функция: dice
INFO 2024-02-15 21:05:07,544 Была запущена функция: dice
INFO 2024-02-15 21:05:07,902 Была запущена функция: dice
INFO 2024-02-15 21:05:08,281 Была запущена функция: dice
INFO 2024-02-15 21:05:08,602 Была запущена функция: dice
INFO 2024-02-15 21:05:09,129 Была запущена функция: dice
INFO 2024-02-15 21:07:46,048 Была запущена функция: dice
INFO 2024-02-15 21:07:47,032 Была запущена функция: dice
INFO 2024-02-15 21:08:22,261 Была запущена функция: dice
INFO 2024-02-15 21:09:21,909 Была запущена функция: dice
INFO 2024-02-15 21:09:34,602 Была запущена функция: dice
INFO 2024-02-15 21:10:26,241 Была запущена функция: dice
INFO 2024-02-15 21:10:32,088 Была запущена функция: rand
INFO 2024-02-15 21:11:14,309 Была запущена функция: rand
INFO 2024-02-15 21:11:47,597 Была запущена функция: rand
INFO 2024-02-15 21:12:45,820 Была запущена функция: rand
INFO 2024-02-15 21:13:42,977 Была запущена функция: rand, которая вернула 80</h1>'
INFO 2024-02-15 21:13:52,525 Была запущена функция: rand, которая вернула 33</h1>'
INFO 2024-02-15 21:14:02,744 Была запущена функция: rand, которая вернула 94
INFO 2024-02-22 19:02:31,815 Была запущена функция: about
INFO 2024-02-22 19:04:16,827 Была запущена функция: myapp.views
INFO 2024-02-22 19:04:30,513 Была запущена функция: about
